#
# There is insufficient memory for the Java Runtime Environment to continue.
# Native memory allocation (malloc) failed to allocate 1481776 bytes for Chunk::new
# Possible reasons:
#   The system is out of physical RAM or swap space
#   The process is running with CompressedOops enabled, and the Java Heap may be blocking the growth of the native heap
# Possible solutions:
#   Reduce memory load on the system
#   Increase physical memory or swap space
#   Check if swap backing store is full
#   Decrease Java heap size (-Xmx/-Xms)
#   Decrease number of Java threads
#   Decrease Java thread stack sizes (-Xss)
#   Set larger code cache with -XX:ReservedCodeCacheSize=
#   JVM is running with Unscaled Compressed Oops mode in which the Java heap is
#     placed in the first 4GB address space. The Java Heap base address is the
#     maximum limit for the native heap growth. Please use -XX:HeapBaseMinAddress
#     to set the Java Heap base and to place the Java Heap above 4GB virtual address.
# This output file may be truncated or incomplete.
#
#  Out of Memory Error (./open/src/hotspot/share/memory/arena.cpp:197), pid=18828, tid=7832
#
# JRE version: Java(TM) SE Runtime Environment 18.9 (11.0.23+7) (build 11.0.23+7-LTS-222)
# Java VM: Java HotSpot(TM) 64-Bit Server VM 18.9 (11.0.23+7-LTS-222, mixed mode, tiered, compressed oops, g1 gc, windows-amd64)
# No core dump will be written. Minidumps are not enabled by default on client versions of Windows
#

---------------  S U M M A R Y ------------

Command Line: -XX:MaxPermSize=512m -XX:+HeapDumpOnOutOfMemoryError --add-opens=java.base/java.util=ALL-UNNAMED --add-opens=java.base/java.lang=ALL-UNNAMED --add-opens=java.base/java.lang.invoke=ALL-UNNAMED --add-opens=java.prefs/java.util.prefs=ALL-UNNAMED -Xmx1024m -Dfile.encoding=UTF-8 -Duser.country=CN -Duser.language=zh -Duser.variant org.gradle.launcher.daemon.bootstrap.GradleDaemon 6.8.3

Host: 12th Gen Intel(R) Core(TM) i7-12650H, 16 cores, 15G,  Windows 11 , 64 bit Build 26100 (10.0.26100.7019)
Time: Fri Dec 19 12:18:18 2025  Windows 11 , 64 bit Build 26100 (10.0.26100.7019) elapsed time: 136.855139 seconds (0d 0h 2m 16s)

---------------  T H R E A D  ---------------

Current thread (0x0000021f2aba8800):  JavaThread "C2 CompilerThread0" daemon [_thread_in_native, id=7832, stack(0x000000cc4e000000,0x000000cc4e100000)]


Current CompileTask:
C2: 136855 9610       4       org.gradle.internal.service.DefaultServiceRegistry$OwnServices$ProviderAnalyser::analyseType (114 bytes)

Stack: [0x000000cc4e000000,0x000000cc4e100000]
Native frames: (J=compiled Java code, j=interpreted, Vv=VM code, C=native code)
V  [jvm.dll+0x65524a]
V  [jvm.dll+0x79646f]
V  [jvm.dll+0x797b39]
V  [jvm.dll+0x7981e3]
V  [jvm.dll+0x254ee5]
V  [jvm.dll+0xb310c]
V  [jvm.dll+0xb371c]
V  [jvm.dll+0x35ed01]
V  [jvm.dll+0x1a1054]
V  [jvm.dll+0x20efad]
V  [jvm.dll+0x20de2d]
V  [jvm.dll+0x18b291]
V  [jvm.dll+0x21def4]
V  [jvm.dll+0x21c21c]
V  [jvm.dll+0x75a5f1]
V  [jvm.dll+0x752ef4]
V  [jvm.dll+0x6540f5]
C  [ucrtbase.dll+0x37b0]
C  [KERNEL32.DLL+0x2e8d7]
C  [ntdll.dll+0x8c53c]


---------------  P R O C E S S  ---------------

Threads class SMR info:
_java_thread_list=0x0000021f2abab4d0, length=34, elements={
0x0000021f0bdb2800, 0x0000021f2ab2d000, 0x0000021f2ab2e800, 0x0000021f2aba0800,
0x0000021f2aba3800, 0x0000021f2aba4800, 0x0000021f2aba8800, 0x0000021f2abb0000,
0x0000021f2ac14800, 0x0000021f2ad2f800, 0x0000021f2c305000, 0x0000021f2c3d3800,
0x0000021f2d79a000, 0x0000021f2d28d000, 0x0000021f2d28f000, 0x0000021f2d28c800,
0x0000021f2e51d800, 0x0000021f2e51e800, 0x0000021f322ce800, 0x0000021f322cb800,
0x0000021f322cd000, }

Java Threads: ( => current thread )
  0x0000021f0bdb2800 JavaThread "main" [_thread_blocked, id=26480, stack(0x000000cc4d400000,0x000000cc4d500000)]
  0x0000021f2ab2d000 JavaThread "Reference Handler" daemon [_thread_blocked, id=25828, stack(0x000000cc4db00000,0x000000cc4dc00000)]
  0x0000021f2ab2e800 JavaThread "Finalizer" daemon [_thread_blocked, id=20684, stack(0x000000cc4dc00000,0x000000cc4dd00000)]
  0x0000021f2aba0800 JavaThread "Signal Dispatcher" daemon [_thread_blocked, id=6332, stack(0x000000cc4dd00000,0x000000cc4de00000)]
  0x0000021f2aba3800 JavaThread "Attach Listener" daemon [_thread_blocked, id=22668, stack(0x000000cc4de00000,0x000000cc4df00000)]
  0x0000021f2aba4800 JavaThread "Service Thread" daemon [_thread_blocked, id=18656, stack(0x000000cc4df00000,0x000000cc4e000000)]
=>0x0000021f2aba8800 JavaThread "C2 CompilerThread0" daemon [_thread_in_native, id=7832, stack(0x000000cc4e000000,0x000000cc4e100000)]
  0x0000021f2abb0000 JavaThread "C1 CompilerThread0" daemon [_thread_blocked, id=17628, stack(0x000000cc4e100000,0x000000cc4e200000)]
  0x0000021f2ac14800 JavaThread "Sweeper thread" daemon [_thread_blocked, id=26784, stack(0x000000cc4e200000,0x000000cc4e300000)]
  0x0000021f2ad2f800 JavaThread "Common-Cleaner" daemon [_thread_blocked, id=19308, stack(0x000000cc4e300000,0x000000cc4e400000)]
  0x0000021f2c305000 JavaThread "Daemon health stats" [_thread_blocked, id=25380, stack(0x000000cc4ef00000,0x000000cc4f000000)]
  0x0000021f2c3d3800 JavaThread "Incoming local TCP Connector on port 57268" [_thread_in_native, id=12780, stack(0x000000cc4f000000,0x000000cc4f100000)]
  0x0000021f2d79a000 JavaThread "Daemon periodic checks" [_thread_blocked, id=4708, stack(0x000000cc4f200000,0x000000cc4f300000)]
  0x0000021f2d28d000 JavaThread "Cache worker for file hash cache (C:\Users\Admin\.gradle\caches\6.8.3\fileHashes)" [_thread_blocked, id=13408, stack(0x000000cc4f100000,0x000000cc4f200000)]
  0x0000021f2d28f000 JavaThread "File lock request listener" [_thread_in_native, id=20888, stack(0x000000cc4fa00000,0x000000cc4fb00000)]
  0x0000021f2d28c800 JavaThread "Cache worker for journal cache (C:\Users\Admin\.gradle\caches\journal-1)" [_thread_blocked, id=2472, stack(0x000000cc50400000,0x000000cc50500000)]
  0x0000021f2e51d800 JavaThread "Cache worker for execution history cache (C:\Users\Admin\.gradle\caches\6.8.3\executionHistory)" [_thread_blocked, id=14692, stack(0x000000cc51e00000,0x000000cc51f00000)]
  0x0000021f2e51e800 JavaThread "Cache worker for file content cache (C:\Users\Admin\.gradle\caches\6.8.3\fileContent)" [_thread_blocked, id=26932, stack(0x000000cc51f00000,0x000000cc52000000)]
  0x0000021f322ce800 JavaThread "Memory manager" [_thread_blocked, id=27620, stack(0x000000cc52000000,0x000000cc52100000)]
  0x0000021f322cb800 JavaThread "Daemon Thread 2" [_thread_blocked, id=26452, stack(0x000000cc4d100000,0x000000cc4d200000)]
  0x0000021f322cd000 JavaThread "Handler for socket connection from /127.0.0.1:57268 to /127.0.0.1:57487" [_thread_in_native, id=7652, stack(0x000000cc4d200000,0x000000cc4d300000)]
  0x0000021f322ca800 JavaThread "Cancel handler" [_thread_blocked, id=11968, stack(0x000000cc4d300000,0x000000cc4d400000)]
  0x0000021f322cc000 JavaThread "Daemon worker Thread 2" [_thread_in_vm, id=26508, stack(0x000000cc4e400000,0x000000cc4e500000)]
  0x0000021f322d0800 JavaThread "Asynchronous log dispatcher for DefaultDaemonConnection: socket connection from /127.0.0.1:57268 to /127.0.0.1:57487" [_thread_blocked, id=25492, stack(0x000000cc4e500000,0x000000cc4e600000)]
  0x0000021f322cf800 JavaThread "Stdin handler" [_thread_blocked, id=7892, stack(0x000000cc4e700000,0x000000cc4e800000)]
  0x0000021f322ce000 JavaThread "Daemon client event forwarder" [_thread_blocked, id=25520, stack(0x000000cc4ed00000,0x000000cc4ee00000)]
  0x0000021f322d3800 JavaThread "Cache worker for file hash cache (E:\demo\dlna-demo\.gradle\6.8.3\fileHashes)" [_thread_blocked, id=22872, stack(0x000000cc4ee00000,0x000000cc4ef00000)]
  0x0000021f322d2800 JavaThread "Cache worker for checksums cache (E:\demo\dlna-demo\.gradle\checksums)" [_thread_blocked, id=21528, stack(0x000000cc4f300000,0x000000cc4f400000)]
  0x0000021f322d1000 JavaThread "Cache worker for cache directory md-supplier (C:\Users\Admin\.gradle\caches\6.8.3\md-supplier)" [_thread_blocked, id=25316, stack(0x000000cc4f400000,0x000000cc4f500000)]
  0x0000021f322d4800 JavaThread "Cache worker for cache directory md-rule (C:\Users\Admin\.gradle\caches\6.8.3\md-rule)" [_thread_blocked, id=22684, stack(0x000000cc4f500000,0x000000cc4f600000)]
  0x0000021f2d71b000 JavaThread "C2 CompilerThread1" daemon [_thread_in_native, id=2796, stack(0x000000cc4f600000,0x000000cc4f700000)]
  0x0000021f322d2000 JavaThread "Cache worker for Build Output Cleanup Cache (E:\demo\dlna-demo\.gradle\buildOutputCleanup)" [_thread_blocked, id=8740, stack(0x000000cc4f700000,0x000000cc4f800000)]
  0x0000021f2d71a000 JavaThread "C1 CompilerThread1" daemon [_thread_in_native, id=8720, stack(0x000000cc4f800000,0x000000cc4f900000)]
  0x0000021f2e960000 JavaThread "C1 CompilerThread2" daemon [_thread_blocked, id=9620, stack(0x000000cc4f900000,0x000000cc4fa00000)]
  0x0000021f322d5000 JavaThread "Build operations" [_thread_in_Java, id=24480, stack(0x000000cc50600000,0x000000cc50700000)]

Other Threads:
  0x0000021f2ab2a000 VMThread "VM Thread" [stack: 0x000000cc4da00000,0x000000cc4db00000] [id=2284]
  0x0000021f2ad61000 WatcherThread [stack: 0x000000cc4e600000,0x000000cc4e700000] [id=2496]
  0x0000021f0bdc6800 GCTaskThread "GC Thread#0" [stack: 0x000000cc4d500000,0x000000cc4d600000] [id=5720]
  0x0000021f2b6e6800 GCTaskThread "GC Thread#1" [stack: 0x000000cc4e800000,0x000000cc4e900000] [id=25688]
  0x0000021f2b6e7000 GCTaskThread "GC Thread#2" [stack: 0x000000cc4e900000,0x000000cc4ea00000] [id=17184]
  0x0000021f2b6e8000 GCTaskThread "GC Thread#3" [stack: 0x000000cc4ea00000,0x000000cc4eb00000] [id=18728]
  0x0000021f2bb09000 GCTaskThread "GC Thread#4" [stack: 0x000000cc4eb00000,0x000000cc4ec00000] [id=21212]
  0x0000021f2bb09800 GCTaskThread "GC Thread#5" [stack: 0x000000cc4ec00000,0x000000cc4ed00000] [id=10124]
  0x0000021f2d24b000 GCTaskThread "GC Thread#6" [stack: 0x000000cc4fb00000,0x000000cc4fc00000] [id=25604]
  0x0000021f2cbf8800 GCTaskThread "GC Thread#7" [stack: 0x000000cc4fc00000,0x000000cc4fd00000] [id=18720]
  0x0000021f2cbf9800 GCTaskThread "GC Thread#8" [stack: 0x000000cc4fd00000,0x000000cc4fe00000] [id=18440]
  0x0000021f2cb41000 GCTaskThread "GC Thread#9" [stack: 0x000000cc4fe00000,0x000000cc4ff00000] [id=21764]
  0x0000021f2cb41800 GCTaskThread "GC Thread#10" [stack: 0x000000cc4ff00000,0x000000cc50000000] [id=25568]
  0x0000021f2d464000 GCTaskThread "GC Thread#11" [stack: 0x000000cc50000000,0x000000cc50100000] [id=24856]
  0x0000021f2d465000 GCTaskThread "GC Thread#12" [stack: 0x000000cc50100000,0x000000cc50200000] [id=20708]
  0x0000021f0bde3000 ConcurrentGCThread "G1 Main Marker" [stack: 0x000000cc4d600000,0x000000cc4d700000] [id=2116]
  0x0000021f0bde7000 ConcurrentGCThread "G1 Conc#0" [stack: 0x000000cc4d700000,0x000000cc4d800000] [id=18580]
  0x0000021f2d1f2800 ConcurrentGCThread "G1 Conc#1" [stack: 0x000000cc50200000,0x000000cc50300000] [id=25476]
  0x0000021f2b98a800 ConcurrentGCThread "G1 Conc#2" [stack: 0x000000cc50300000,0x000000cc50400000] [id=13320]
  0x0000021f2a177800 ConcurrentGCThread "G1 Refine#0" [stack: 0x000000cc4d800000,0x000000cc4d900000] [id=7032]
  0x0000021f31f53000 ConcurrentGCThread "G1 Refine#1" [stack: 0x000000cc50500000,0x000000cc50600000] [id=23592]
  0x0000021f2a17b800 ConcurrentGCThread "G1 Young RemSet Sampling" [stack: 0x000000cc4d900000,0x000000cc4da00000] [id=24968]

Threads with active compile tasks:
C2 CompilerThread0   136874 9610       4       org.gradle.internal.service.DefaultServiceRegistry$OwnServices$ProviderAnalyser::analyseType (114 bytes)
C1 CompilerThread0   136874 9873       3       java.util.concurrent.LinkedBlockingQueue::enqueue (14 bytes)
C2 CompilerThread1   136874 9863       4       org.gradle.api.internal.attributes.DefaultImmutableAttributes::findEntry (37 bytes)
C1 CompilerThread1   136874 9865   !   3       org.gradle.internal.operations.DefaultBuildOperationQueue::add (139 bytes)
C1 CompilerThread2   136874 9871       3       org.gradle.api.internal.artifacts.ivyservice.ivyresolve.ErrorHandlingModuleComponentRepository$ErrorHandlingModuleComponentRepositoryAccess$$Lambda$389/0x0000000100634440::<init> (26 bytes)

VM state:not at safepoint (normal execution)

VM Mutex/Monitor currently owned by a thread:  ([mutex/lock_event])
[0x0000021f0bdaeec0] Compile_lock - owner thread: 0x0000000000000000

Heap address: 0x00000000c0000000, size: 1024 MB, Compressed Oops mode: 32-bit
Narrow klass base: 0x0000000000000000, Narrow klass shift: 3
Compressed class space size: 1073741824 Address: 0x0000000100000000

Heap:
 garbage-first heap   total 260096K, used 117899K [0x00000000c0000000, 0x0000000100000000)
  region size 1024K, 21 young (21504K), 8 survivors (8192K)
 Metaspace       used 94421K, capacity 96973K, committed 97232K, reserved 1134592K
  class space    used 12048K, capacity 12893K, committed 12928K, reserved 1048576K
Heap Regions: E=young(eden), S=young(survivor), O=old, HS=humongous(starts), HC=humongous(continues), CS=collection set, F=free, A=archive, TAMS=top-at-mark-start (previous, next)
|   0|0x00000000c0000000, 0x00000000c0100000, 0x00000000c0100000|100%| O|  |TAMS 0x00000000c0100000, 0x00000000c0000000| Untracked 
|   1|0x00000000c0100000, 0x00000000c0200000, 0x00000000c0200000|100%| O|  |TAMS 0x00000000c0200000, 0x00000000c0100000| Untracked 
|   2|0x00000000c0200000, 0x00000000c0300000, 0x00000000c0300000|100%| O|  |TAMS 0x00000000c0300000, 0x00000000c0200000| Untracked 
|   3|0x00000000c0300000, 0x00000000c0400000, 0x00000000c0400000|100%|HS|  |TAMS 0x00000000c0400000, 0x00000000c0300000| Complete 
|   4|0x00000000c0400000, 0x00000000c0500000, 0x00000000c0500000|100%|HC|  |TAMS 0x00000000c0500000, 0x00000000c0400000| Complete 
|   5|0x00000000c0500000, 0x00000000c0600000, 0x00000000c0600000|100%|HC|  |TAMS 0x00000000c0600000, 0x00000000c0500000| Complete 
|   6|0x00000000c0600000, 0x00000000c0700000, 0x00000000c0700000|100%| O|  |TAMS 0x00000000c0700000, 0x00000000c0600000| Untracked 
|   7|0x00000000c0700000, 0x00000000c0800000, 0x00000000c0800000|100%| O|  |TAMS 0x00000000c0800000, 0x00000000c0700000| Untracked 
|   8|0x00000000c0800000, 0x00000000c0900000, 0x00000000c0900000|100%| O|  |TAMS 0x00000000c0900000, 0x00000000c0800000| Untracked 
|   9|0x00000000c0900000, 0x00000000c0a00000, 0x00000000c0a00000|100%| O|  |TAMS 0x00000000c0a00000, 0x00000000c0900000| Untracked 
|  10|0x00000000c0a00000, 0x00000000c0b00000, 0x00000000c0b00000|100%| O|  |TAMS 0x00000000c0b00000, 0x00000000c0a00000| Untracked 
|  11|0x00000000c0b00000, 0x00000000c0c00000, 0x00000000c0c00000|100%| O|  |TAMS 0x00000000c0c00000, 0x00000000c0b00000| Untracked 
|  12|0x00000000c0c00000, 0x00000000c0d00000, 0x00000000c0d00000|100%| O|  |TAMS 0x00000000c0d00000, 0x00000000c0c00000| Untracked 
|  13|0x00000000c0d00000, 0x00000000c0e00000, 0x00000000c0e00000|100%| O|  |TAMS 0x00000000c0e00000, 0x00000000c0d00000| Untracked 
|  14|0x00000000c0e00000, 0x00000000c0f00000, 0x00000000c0f00000|100%| O|  |TAMS 0x00000000c0f00000, 0x00000000c0e00000| Untracked 
|  15|0x00000000c0f00000, 0x00000000c1000000, 0x00000000c1000000|100%| O|  |TAMS 0x00000000c1000000, 0x00000000c0f00000| Untracked 
|  16|0x00000000c1000000, 0x00000000c1100000, 0x00000000c1100000|100%| O|  |TAMS 0x00000000c1100000, 0x00000000c1000000| Untracked 
|  17|0x00000000c1100000, 0x00000000c1200000, 0x00000000c1200000|100%|HS|  |TAMS 0x00000000c1200000, 0x00000000c1100000| Complete 
|  18|0x00000000c1200000, 0x00000000c1300000, 0x00000000c1300000|100%|HC|  |TAMS 0x00000000c1300000, 0x00000000c1200000| Complete 
|  19|0x00000000c1300000, 0x00000000c1400000, 0x00000000c1400000|100%|HC|  |TAMS 0x00000000c1400000, 0x00000000c1300000| Complete 
|  20|0x00000000c1400000, 0x00000000c1500000, 0x00000000c1500000|100%|HC|  |TAMS 0x00000000c1500000, 0x00000000c1400000| Complete 
|  21|0x00000000c1500000, 0x00000000c1600000, 0x00000000c1600000|100%|HC|  |TAMS 0x00000000c1600000, 0x00000000c1500000| Complete 
|  22|0x00000000c1600000, 0x00000000c1700000, 0x00000000c1700000|100%|HS|  |TAMS 0x00000000c1700000, 0x00000000c1600000| Complete 
|  23|0x00000000c1700000, 0x00000000c1800000, 0x00000000c1800000|100%|HC|  |TAMS 0x00000000c1800000, 0x00000000c1700000| Complete 
|  24|0x00000000c1800000, 0x00000000c1900000, 0x00000000c1900000|100%|HC|  |TAMS 0x00000000c1900000, 0x00000000c1800000| Complete 
|  25|0x00000000c1900000, 0x00000000c1a00000, 0x00000000c1a00000|100%|HS|  |TAMS 0x00000000c1a00000, 0x00000000c1900000| Complete 
|  26|0x00000000c1a00000, 0x00000000c1b00000, 0x00000000c1b00000|100%|HC|  |TAMS 0x00000000c1b00000, 0x00000000c1a00000| Complete 
|  27|0x00000000c1b00000, 0x00000000c1c00000, 0x00000000c1c00000|100%|HC|  |TAMS 0x00000000c1c00000, 0x00000000c1b00000| Complete 
|  28|0x00000000c1c00000, 0x00000000c1d00000, 0x00000000c1d00000|100%|HS|  |TAMS 0x00000000c1d00000, 0x00000000c1c00000| Complete 
|  29|0x00000000c1d00000, 0x00000000c1e00000, 0x00000000c1e00000|100%| O|  |TAMS 0x00000000c1e00000, 0x00000000c1d00000| Untracked 
|  30|0x00000000c1e00000, 0x00000000c1f00000, 0x00000000c1f00000|100%| O|  |TAMS 0x00000000c1f00000, 0x00000000c1e00000| Untracked 
|  31|0x00000000c1f00000, 0x00000000c2000000, 0x00000000c2000000|100%| O|  |TAMS 0x00000000c2000000, 0x00000000c1f00000| Untracked 
|  32|0x00000000c2000000, 0x00000000c2100000, 0x00000000c2100000|100%| O|  |TAMS 0x00000000c2100000, 0x00000000c2000000| Untracked 
|  33|0x00000000c2100000, 0x00000000c2200000, 0x00000000c2200000|100%| O|  |TAMS 0x00000000c2200000, 0x00000000c2100000| Untracked 
|  34|0x00000000c2200000, 0x00000000c2300000, 0x00000000c2300000|100%| O|  |TAMS 0x00000000c2300000, 0x00000000c2200000| Untracked 
|  35|0x00000000c2300000, 0x00000000c2400000, 0x00000000c2400000|100%| O|  |TAMS 0x00000000c2400000, 0x00000000c2300000| Untracked 
|  36|0x00000000c2400000, 0x00000000c2500000, 0x00000000c2500000|100%|HS|  |TAMS 0x00000000c2500000, 0x00000000c2400000| Complete 
|  37|0x00000000c2500000, 0x00000000c2600000, 0x00000000c2600000|100%|HS|  |TAMS 0x00000000c2600000, 0x00000000c2500000| Complete 
|  38|0x00000000c2600000, 0x00000000c2700000, 0x00000000c2700000|100%|HC|  |TAMS 0x00000000c2700000, 0x00000000c2600000| Complete 
|  39|0x00000000c2700000, 0x00000000c2800000, 0x00000000c2800000|100%|HS|  |TAMS 0x00000000c2800000, 0x00000000c2700000| Complete 
|  40|0x00000000c2800000, 0x00000000c2900000, 0x00000000c2900000|100%|HC|  |TAMS 0x00000000c2900000, 0x00000000c2800000| Complete 
|  41|0x00000000c2900000, 0x00000000c2a00000, 0x00000000c2a00000|100%|HC|  |TAMS 0x00000000c2a00000, 0x00000000c2900000| Complete 
|  42|0x00000000c2a00000, 0x00000000c2b00000, 0x00000000c2b00000|100%|HC|  |TAMS 0x00000000c2b00000, 0x00000000c2a00000| Complete 
|  43|0x00000000c2b00000, 0x00000000c2c00000, 0x00000000c2c00000|100%|HC|  |TAMS 0x00000000c2c00000, 0x00000000c2b00000| Complete 
|  44|0x00000000c2c00000, 0x00000000c2d00000, 0x00000000c2d00000|100%|HS|  |TAMS 0x00000000c2d00000, 0x00000000c2c00000| Complete 
|  45|0x00000000c2d00000, 0x00000000c2e00000, 0x00000000c2e00000|100%|HC|  |TAMS 0x00000000c2e00000, 0x00000000c2d00000| Complete 
|  46|0x00000000c2e00000, 0x00000000c2f00000, 0x00000000c2f00000|100%|HC|  |TAMS 0x00000000c2f00000, 0x00000000c2e00000| Complete 
|  47|0x00000000c2f00000, 0x00000000c3000000, 0x00000000c3000000|100%| O|  |TAMS 0x00000000c3000000, 0x00000000c2f00000| Untracked 
|  48|0x00000000c3000000, 0x00000000c3100000, 0x00000000c3100000|100%| O|  |TAMS 0x00000000c3100000, 0x00000000c3000000| Untracked 
|  49|0x00000000c3100000, 0x00000000c3200000, 0x00000000c3200000|100%| O|  |TAMS 0x00000000c3200000, 0x00000000c3100000| Untracked 
|  50|0x00000000c3200000, 0x00000000c3300000, 0x00000000c3300000|100%| O|  |TAMS 0x00000000c3300000, 0x00000000c3200000| Untracked 
|  51|0x00000000c3300000, 0x00000000c3400000, 0x00000000c3400000|100%| O|  |TAMS 0x00000000c3400000, 0x00000000c3300000| Untracked 
|  52|0x00000000c3400000, 0x00000000c3500000, 0x00000000c3500000|100%| O|  |TAMS 0x00000000c3500000, 0x00000000c3400000| Untracked 
|  53|0x00000000c3500000, 0x00000000c3600000, 0x00000000c3600000|100%| O|  |TAMS 0x00000000c3600000, 0x00000000c3500000| Untracked 
|  54|0x00000000c3600000, 0x00000000c3700000, 0x00000000c3700000|100%| O|  |TAMS 0x00000000c3700000, 0x00000000c3600000| Untracked 
|  55|0x00000000c3700000, 0x00000000c3800000, 0x00000000c3800000|100%| O|  |TAMS 0x00000000c3800000, 0x00000000c3700000| Untracked 
|  56|0x00000000c3800000, 0x00000000c3900000, 0x00000000c3900000|100%| O|  |TAMS 0x00000000c3900000, 0x00000000c3800000| Untracked 
|  57|0x00000000c3900000, 0x00000000c3a00000, 0x00000000c3a00000|100%| O|  |TAMS 0x00000000c3a00000, 0x00000000c3900000| Untracked 
|  58|0x00000000c3a00000, 0x00000000c3b00000, 0x00000000c3b00000|100%| O|  |TAMS 0x00000000c3b00000, 0x00000000c3a00000| Untracked 
|  59|0x00000000c3b00000, 0x00000000c3c00000, 0x00000000c3c00000|100%| O|  |TAMS 0x00000000c3c00000, 0x00000000c3b00000| Untracked 
|  60|0x00000000c3c00000, 0x00000000c3d00000, 0x00000000c3d00000|100%| O|  |TAMS 0x00000000c3d00000, 0x00000000c3c00000| Untracked 
|  61|0x00000000c3d00000, 0x00000000c3e00000, 0x00000000c3e00000|100%| O|  |TAMS 0x00000000c3e00000, 0x00000000c3d00000| Untracked 
|  62|0x00000000c3e00000, 0x00000000c3f00000, 0x00000000c3f00000|100%| O|  |TAMS 0x00000000c3f00000, 0x00000000c3e00000| Untracked 
|  63|0x00000000c3f00000, 0x00000000c4000000, 0x00000000c4000000|100%| O|  |TAMS 0x00000000c4000000, 0x00000000c3f00000| Untracked 
|  64|0x00000000c4000000, 0x00000000c4100000, 0x00000000c4100000|100%| O|  |TAMS 0x00000000c4100000, 0x00000000c4000000| Untracked 
|  65|0x00000000c4100000, 0x00000000c4200000, 0x00000000c4200000|100%| O|  |TAMS 0x00000000c4200000, 0x00000000c4100000| Untracked 
|  66|0x00000000c4200000, 0x00000000c4300000, 0x00000000c4300000|100%| O|  |TAMS 0x00000000c4300000, 0x00000000c4200000| Untracked 
|  67|0x00000000c4300000, 0x00000000c4400000, 0x00000000c4400000|100%|HS|  |TAMS 0x00000000c4300000, 0x00000000c4300000| Complete 
|  68|0x00000000c4400000, 0x00000000c4500000, 0x00000000c4500000|100%|HC|  |TAMS 0x00000000c4400000, 0x00000000c4400000| Complete 
|  69|0x00000000c4500000, 0x00000000c4600000, 0x00000000c4600000|100%|HC|  |TAMS 0x00000000c4500000, 0x00000000c4500000| Complete 
|  70|0x00000000c4600000, 0x00000000c4700000, 0x00000000c4700000|100%|HC|  |TAMS 0x00000000c4600000, 0x00000000c4600000| Complete 
|  71|0x00000000c4700000, 0x00000000c4800000, 0x00000000c4800000|100%|HC|  |TAMS 0x00000000c4700000, 0x00000000c4700000| Complete 
|  72|0x00000000c4800000, 0x00000000c4900000, 0x00000000c4900000|100%|HS|  |TAMS 0x00000000c4800000, 0x00000000c4800000| Complete 
|  73|0x00000000c4900000, 0x00000000c4a00000, 0x00000000c4a00000|100%|HC|  |TAMS 0x00000000c4900000, 0x00000000c4900000| Complete 
|  74|0x00000000c4a00000, 0x00000000c4b00000, 0x00000000c4b00000|100%|HC|  |TAMS 0x00000000c4a00000, 0x00000000c4a00000| Complete 
|  75|0x00000000c4b00000, 0x00000000c4c00000, 0x00000000c4c00000|100%|HS|  |TAMS 0x00000000c4b00000, 0x00000000c4b00000| Complete 
|  76|0x00000000c4c00000, 0x00000000c4d00000, 0x00000000c4d00000|100%|HC|  |TAMS 0x00000000c4c00000, 0x00000000c4c00000| Complete 
|  77|0x00000000c4d00000, 0x00000000c4e00000, 0x00000000c4e00000|100%|HC|  |TAMS 0x00000000c4d00000, 0x00000000c4d00000| Complete 
|  78|0x00000000c4e00000, 0x00000000c4f00000, 0x00000000c4f00000|100%|HS|  |TAMS 0x00000000c4e00000, 0x00000000c4e00000| Complete 
|  79|0x00000000c4f00000, 0x00000000c5000000, 0x00000000c5000000|100%| O|  |TAMS 0x00000000c4f00000, 0x00000000c4f00000| Untracked 
|  80|0x00000000c5000000, 0x00000000c5100000, 0x00000000c5100000|100%| O|  |TAMS 0x00000000c5000000, 0x00000000c5000000| Untracked 
|  81|0x00000000c5100000, 0x00000000c5200000, 0x00000000c5200000|100%| O|  |TAMS 0x00000000c5100000, 0x00000000c5100000| Untracked 
|  82|0x00000000c5200000, 0x00000000c5300000, 0x00000000c5300000|100%| O|  |TAMS 0x00000000c5200000, 0x00000000c5200000| Untracked 
|  83|0x00000000c5300000, 0x00000000c5300000, 0x00000000c5400000|  0%| F|  |TAMS 0x00000000c5300000, 0x00000000c5300000| Untracked 
|  84|0x00000000c5400000, 0x00000000c5500000, 0x00000000c5500000|100%| O|  |TAMS 0x00000000c5400000, 0x00000000c5400000| Untracked 
|  85|0x00000000c5500000, 0x00000000c5600000, 0x00000000c5600000|100%| O|  |TAMS 0x00000000c5500000, 0x00000000c5500000| Untracked 
|  86|0x00000000c5600000, 0x00000000c5700000, 0x00000000c5700000|100%| O|  |TAMS 0x00000000c5600000, 0x00000000c5600000| Untracked 
|  87|0x00000000c5700000, 0x00000000c5800000, 0x00000000c5800000|100%| O|  |TAMS 0x00000000c5700000, 0x00000000c5700000| Untracked 
|  88|0x00000000c5800000, 0x00000000c5900000, 0x00000000c5900000|100%| O|  |TAMS 0x00000000c5800000, 0x00000000c5800000| Untracked 
|  89|0x00000000c5900000, 0x00000000c5a00000, 0x00000000c5a00000|100%| O|  |TAMS 0x00000000c5900000, 0x00000000c5900000| Untracked 
|  90|0x00000000c5a00000, 0x00000000c5b00000, 0x00000000c5b00000|100%| O|  |TAMS 0x00000000c5a00000, 0x00000000c5a00000| Untracked 
|  91|0x00000000c5b00000, 0x00000000c5c00000, 0x00000000c5c00000|100%| O|  |TAMS 0x00000000c5b00000, 0x00000000c5b00000| Untracked 
|  92|0x00000000c5c00000, 0x00000000c5d00000, 0x00000000c5d00000|100%| O|  |TAMS 0x00000000c5c00000, 0x00000000c5c00000| Untracked 
|  93|0x00000000c5d00000, 0x00000000c5e00000, 0x00000000c5e00000|100%| O|  |TAMS 0x00000000c5d00000, 0x00000000c5d00000| Untracked 
|  94|0x00000000c5e00000, 0x00000000c5f00000, 0x00000000c5f00000|100%| O|  |TAMS 0x00000000c5e00000, 0x00000000c5e00000| Untracked 
|  95|0x00000000c5f00000, 0x00000000c6000000, 0x00000000c6000000|100%| O|  |TAMS 0x00000000c5f00000, 0x00000000c5f00000| Untracked 
|  96|0x00000000c6000000, 0x00000000c609d600, 0x00000000c6100000| 61%| O|  |TAMS 0x00000000c6000000, 0x00000000c6000000| Untracked 
|  97|0x00000000c6100000, 0x00000000c6100000, 0x00000000c6200000|  0%| F|  |TAMS 0x00000000c6100000, 0x00000000c6100000| Untracked 
|  98|0x00000000c6200000, 0x00000000c6200000, 0x00000000c6300000|  0%| F|  |TAMS 0x00000000c6200000, 0x00000000c6200000| Untracked 
|  99|0x00000000c6300000, 0x00000000c6300000, 0x00000000c6400000|  0%| F|  |TAMS 0x00000000c6300000, 0x00000000c6300000| Untracked 
| 100|0x00000000c6400000, 0x00000000c6400000, 0x00000000c6500000|  0%| F|  |TAMS 0x00000000c6400000, 0x00000000c6400000| Untracked 
| 101|0x00000000c6500000, 0x00000000c6500000, 0x00000000c6600000|  0%| F|  |TAMS 0x00000000c6500000, 0x00000000c6500000| Untracked 
| 102|0x00000000c6600000, 0x00000000c6600000, 0x00000000c6700000|  0%| F|  |TAMS 0x00000000c6600000, 0x00000000c6600000| Untracked 
| 103|0x00000000c6700000, 0x00000000c6700000, 0x00000000c6800000|  0%| F|  |TAMS 0x00000000c6700000, 0x00000000c6700000| Untracked 
| 104|0x00000000c6800000, 0x00000000c6800000, 0x00000000c6900000|  0%| F|  |TAMS 0x00000000c6800000, 0x00000000c6800000| Untracked 
| 105|0x00000000c6900000, 0x00000000c6900000, 0x00000000c6a00000|  0%| F|  |TAMS 0x00000000c6900000, 0x00000000c6900000| Untracked 
| 106|0x00000000c6a00000, 0x00000000c6a00000, 0x00000000c6b00000|  0%| F|  |TAMS 0x00000000c6a00000, 0x00000000c6a00000| Untracked 
| 107|0x00000000c6b00000, 0x00000000c6b00000, 0x00000000c6c00000|  0%| F|  |TAMS 0x00000000c6b00000, 0x00000000c6b00000| Untracked 
| 108|0x00000000c6c00000, 0x00000000c6c00000, 0x00000000c6d00000|  0%| F|  |TAMS 0x00000000c6c00000, 0x00000000c6c00000| Untracked 
| 109|0x00000000c6d00000, 0x00000000c6d00000, 0x00000000c6e00000|  0%| F|  |TAMS 0x00000000c6d00000, 0x00000000c6d00000| Untracked 
| 110|0x00000000c6e00000, 0x00000000c6e00000, 0x00000000c6f00000|  0%| F|  |TAMS 0x00000000c6e00000, 0x00000000c6e00000| Untracked 
| 111|0x00000000c6f00000, 0x00000000c6f00000, 0x00000000c7000000|  0%| F|  |TAMS 0x00000000c6f00000, 0x00000000c6f00000| Untracked 
| 112|0x00000000c7000000, 0x00000000c7000000, 0x00000000c7100000|  0%| F|  |TAMS 0x00000000c7000000, 0x00000000c7000000| Untracked 
| 113|0x00000000c7100000, 0x00000000c7100000, 0x00000000c7200000|  0%| F|  |TAMS 0x00000000c7100000, 0x00000000c7100000| Untracked 
| 114|0x00000000c7200000, 0x00000000c7200000, 0x00000000c7300000|  0%| F|  |TAMS 0x00000000c7200000, 0x00000000c7200000| Untracked 
| 115|0x00000000c7300000, 0x00000000c7300000, 0x00000000c7400000|  0%| F|  |TAMS 0x00000000c7300000, 0x00000000c7300000| Untracked 
| 116|0x00000000c7400000, 0x00000000c7400000, 0x00000000c7500000|  0%| F|  |TAMS 0x00000000c7400000, 0x00000000c7400000| Untracked 
| 117|0x00000000c7500000, 0x00000000c7500000, 0x00000000c7600000|  0%| F|  |TAMS 0x00000000c7500000, 0x00000000c7500000| Untracked 
| 118|0x00000000c7600000, 0x00000000c7600000, 0x00000000c7700000|  0%| F|  |TAMS 0x00000000c7600000, 0x00000000c7600000| Untracked 
| 119|0x00000000c7700000, 0x00000000c7700000, 0x00000000c7800000|  0%| F|  |TAMS 0x00000000c7700000, 0x00000000c7700000| Untracked 
| 120|0x00000000c7800000, 0x00000000c7800000, 0x00000000c7900000|  0%| F|  |TAMS 0x00000000c7800000, 0x00000000c7800000| Untracked 
| 121|0x00000000c7900000, 0x00000000c7900000, 0x00000000c7a00000|  0%| F|  |TAMS 0x00000000c7900000, 0x00000000c7900000| Untracked 
| 122|0x00000000c7a00000, 0x00000000c7a00000, 0x00000000c7b00000|  0%| F|  |TAMS 0x00000000c7a00000, 0x00000000c7a00000| Untracked 
| 123|0x00000000c7b00000, 0x00000000c7b00000, 0x00000000c7c00000|  0%| F|  |TAMS 0x00000000c7b00000, 0x00000000c7b00000| Untracked 
| 124|0x00000000c7c00000, 0x00000000c7c00000, 0x00000000c7d00000|  0%| F|  |TAMS 0x00000000c7c00000, 0x00000000c7c00000| Untracked 
| 125|0x00000000c7d00000, 0x00000000c7d00000, 0x00000000c7e00000|  0%| F|  |TAMS 0x00000000c7d00000, 0x00000000c7d00000| Untracked 
| 126|0x00000000c7e00000, 0x00000000c7e00000, 0x00000000c7f00000|  0%| F|  |TAMS 0x00000000c7e00000, 0x00000000c7e00000| Untracked 
| 127|0x00000000c7f00000, 0x00000000c7f00000, 0x00000000c8000000|  0%| F|  |TAMS 0x00000000c7f00000, 0x00000000c7f00000| Untracked 
| 128|0x00000000c8000000, 0x00000000c8000000, 0x00000000c8100000|  0%| F|  |TAMS 0x00000000c8000000, 0x00000000c8000000| Untracked 
| 129|0x00000000c8100000, 0x00000000c8100000, 0x00000000c8200000|  0%| F|  |TAMS 0x00000000c8100000, 0x00000000c8100000| Untracked 
| 130|0x00000000c8200000, 0x00000000c8200000, 0x00000000c8300000|  0%| F|  |TAMS 0x00000000c8200000, 0x00000000c8200000| Untracked 
| 131|0x00000000c8300000, 0x00000000c8300000, 0x00000000c8400000|  0%| F|  |TAMS 0x00000000c8300000, 0x00000000c8300000| Untracked 
| 132|0x00000000c8400000, 0x00000000c8400000, 0x00000000c8500000|  0%| F|  |TAMS 0x00000000c8400000, 0x00000000c8400000| Untracked 
| 133|0x00000000c8500000, 0x00000000c8500000, 0x00000000c8600000|  0%| F|  |TAMS 0x00000000c8500000, 0x00000000c8500000| Untracked 
| 134|0x00000000c8600000, 0x00000000c8600000, 0x00000000c8700000|  0%| F|  |TAMS 0x00000000c8600000, 0x00000000c8600000| Untracked 
| 135|0x00000000c8700000, 0x00000000c8700000, 0x00000000c8800000|  0%| F|  |TAMS 0x00000000c8700000, 0x00000000c8700000| Untracked 
| 136|0x00000000c8800000, 0x00000000c8800000, 0x00000000c8900000|  0%| F|  |TAMS 0x00000000c8800000, 0x00000000c8800000| Untracked 
| 137|0x00000000c8900000, 0x00000000c8900000, 0x00000000c8a00000|  0%| F|  |TAMS 0x00000000c8900000, 0x00000000c8900000| Untracked 
| 138|0x00000000c8a00000, 0x00000000c8a00000, 0x00000000c8b00000|  0%| F|  |TAMS 0x00000000c8a00000, 0x00000000c8a00000| Untracked 
| 139|0x00000000c8b00000, 0x00000000c8b00000, 0x00000000c8c00000|  0%| F|  |TAMS 0x00000000c8b00000, 0x00000000c8b00000| Untracked 
| 140|0x00000000c8c00000, 0x00000000c8c00000, 0x00000000c8d00000|  0%| F|  |TAMS 0x00000000c8c00000, 0x00000000c8c00000| Untracked 
| 141|0x00000000c8d00000, 0x00000000c8d00000, 0x00000000c8e00000|  0%| F|  |TAMS 0x00000000c8d00000, 0x00000000c8d00000| Untracked 
| 142|0x00000000c8e00000, 0x00000000c8e00000, 0x00000000c8f00000|  0%| F|  |TAMS 0x00000000c8e00000, 0x00000000c8e00000| Untracked 
| 143|0x00000000c8f00000, 0x00000000c8f00000, 0x00000000c9000000|  0%| F|  |TAMS 0x00000000c8f00000, 0x00000000c8f00000| Untracked 
| 144|0x00000000c9000000, 0x00000000c9000000, 0x00000000c9100000|  0%| F|  |TAMS 0x00000000c9000000, 0x00000000c9000000| Untracked 
| 145|0x00000000c9100000, 0x00000000c9100000, 0x00000000c9200000|  0%| F|  |TAMS 0x00000000c9100000, 0x00000000c9100000| Untracked 
| 146|0x00000000c9200000, 0x00000000c9200000, 0x00000000c9300000|  0%| F|  |TAMS 0x00000000c9200000, 0x00000000c9200000| Untracked 
| 147|0x00000000c9300000, 0x00000000c9300000, 0x00000000c9400000|  0%| F|  |TAMS 0x00000000c9300000, 0x00000000c9300000| Untracked 
| 148|0x00000000c9400000, 0x00000000c9400000, 0x00000000c9500000|  0%| F|  |TAMS 0x00000000c9400000, 0x00000000c9400000| Untracked 
| 149|0x00000000c9500000, 0x00000000c9500000, 0x00000000c9600000|  0%| F|  |TAMS 0x00000000c9500000, 0x00000000c9500000| Untracked 
| 150|0x00000000c9600000, 0x00000000c9600000, 0x00000000c9700000|  0%| F|  |TAMS 0x00000000c9600000, 0x00000000c9600000| Untracked 
| 151|0x00000000c9700000, 0x00000000c9700000, 0x00000000c9800000|  0%| F|  |TAMS 0x00000000c9700000, 0x00000000c9700000| Untracked 
| 152|0x00000000c9800000, 0x00000000c9800000, 0x00000000c9900000|  0%| F|  |TAMS 0x00000000c9800000, 0x00000000c9800000| Untracked 
| 153|0x00000000c9900000, 0x00000000c99857e0, 0x00000000c9a00000| 52%| S|CS|TAMS 0x00000000c9900000, 0x00000000c9900000| Complete 
| 154|0x00000000c9a00000, 0x00000000c9b00000, 0x00000000c9b00000|100%| S|CS|TAMS 0x00000000c9a00000, 0x00000000c9a00000| Complete 
| 155|0x00000000c9b00000, 0x00000000c9c00000, 0x00000000c9c00000|100%| S|CS|TAMS 0x00000000c9b00000, 0x00000000c9b00000| Complete 
| 156|0x00000000c9c00000, 0x00000000c9d00000, 0x00000000c9d00000|100%| S|CS|TAMS 0x00000000c9c00000, 0x00000000c9c00000| Complete 
| 157|0x00000000c9d00000, 0x00000000c9e00000, 0x00000000c9e00000|100%| S|CS|TAMS 0x00000000c9d00000, 0x00000000c9d00000| Complete 
| 158|0x00000000c9e00000, 0x00000000c9f00000, 0x00000000c9f00000|100%| S|CS|TAMS 0x00000000c9e00000, 0x00000000c9e00000| Complete 
| 159|0x00000000c9f00000, 0x00000000ca000000, 0x00000000ca000000|100%| S|CS|TAMS 0x00000000c9f00000, 0x00000000c9f00000| Complete 
| 160|0x00000000ca000000, 0x00000000ca100000, 0x00000000ca100000|100%| S|CS|TAMS 0x00000000ca000000, 0x00000000ca000000| Complete 
| 161|0x00000000ca100000, 0x00000000ca100000, 0x00000000ca200000|  0%| F|  |TAMS 0x00000000ca100000, 0x00000000ca100000| Untracked 
| 162|0x00000000ca200000, 0x00000000ca200000, 0x00000000ca300000|  0%| F|  |TAMS 0x00000000ca200000, 0x00000000ca200000| Untracked 
| 163|0x00000000ca300000, 0x00000000ca300000, 0x00000000ca400000|  0%| F|  |TAMS 0x00000000ca300000, 0x00000000ca300000| Untracked 
| 164|0x00000000ca400000, 0x00000000ca400000, 0x00000000ca500000|  0%| F|  |TAMS 0x00000000ca400000, 0x00000000ca400000| Untracked 
| 165|0x00000000ca500000, 0x00000000ca500000, 0x00000000ca600000|  0%| F|  |TAMS 0x00000000ca500000, 0x00000000ca500000| Untracked 
| 166|0x00000000ca600000, 0x00000000ca600000, 0x00000000ca700000|  0%| F|  |TAMS 0x00000000ca600000, 0x00000000ca600000| Untracked 
| 167|0x00000000ca700000, 0x00000000ca700000, 0x00000000ca800000|  0%| F|  |TAMS 0x00000000ca700000, 0x00000000ca700000| Untracked 
| 168|0x00000000ca800000, 0x00000000ca800000, 0x00000000ca900000|  0%| F|  |TAMS 0x00000000ca800000, 0x00000000ca800000| Untracked 
| 169|0x00000000ca900000, 0x00000000ca900000, 0x00000000caa00000|  0%| F|  |TAMS 0x00000000ca900000, 0x00000000ca900000| Untracked 
| 170|0x00000000caa00000, 0x00000000caa00000, 0x00000000cab00000|  0%| F|  |TAMS 0x00000000caa00000, 0x00000000caa00000| Untracked 
| 171|0x00000000cab00000, 0x00000000cab00000, 0x00000000cac00000|  0%| F|  |TAMS 0x00000000cab00000, 0x00000000cab00000| Untracked 
| 172|0x00000000cac00000, 0x00000000cac00000, 0x00000000cad00000|  0%| F|  |TAMS 0x00000000cac00000, 0x00000000cac00000| Untracked 
| 173|0x00000000cad00000, 0x00000000cad00000, 0x00000000cae00000|  0%| F|  |TAMS 0x00000000cad00000, 0x00000000cad00000| Untracked 
| 174|0x00000000cae00000, 0x00000000cae00000, 0x00000000caf00000|  0%| F|  |TAMS 0x00000000cae00000, 0x00000000cae00000| Untracked 
| 175|0x00000000caf00000, 0x00000000caf00000, 0x00000000cb000000|  0%| F|  |TAMS 0x00000000caf00000, 0x00000000caf00000| Untracked 
| 176|0x00000000cb000000, 0x00000000cb000000, 0x00000000cb100000|  0%| F|  |TAMS 0x00000000cb000000, 0x00000000cb000000| Untracked 
| 177|0x00000000cb100000, 0x00000000cb100000, 0x00000000cb200000|  0%| F|  |TAMS 0x00000000cb100000, 0x00000000cb100000| Untracked 
| 178|0x00000000cb200000, 0x00000000cb200000, 0x00000000cb300000|  0%| F|  |TAMS 0x00000000cb200000, 0x00000000cb200000| Untracked 
| 179|0x00000000cb300000, 0x00000000cb300000, 0x00000000cb400000|  0%| F|  |TAMS 0x00000000cb300000, 0x00000000cb300000| Untracked 
| 180|0x00000000cb400000, 0x00000000cb400000, 0x00000000cb500000|  0%| F|  |TAMS 0x00000000cb400000, 0x00000000cb400000| Untracked 
| 181|0x00000000cb500000, 0x00000000cb500000, 0x00000000cb600000|  0%| F|  |TAMS 0x00000000cb500000, 0x00000000cb500000| Untracked 
| 182|0x00000000cb600000, 0x00000000cb600000, 0x00000000cb700000|  0%| F|  |TAMS 0x00000000cb600000, 0x00000000cb600000| Untracked 
| 183|0x00000000cb700000, 0x00000000cb700000, 0x00000000cb800000|  0%| F|  |TAMS 0x00000000cb700000, 0x00000000cb700000| Untracked 
| 184|0x00000000cb800000, 0x00000000cb800000, 0x00000000cb900000|  0%| F|  |TAMS 0x00000000cb800000, 0x00000000cb800000| Untracked 
| 185|0x00000000cb900000, 0x00000000cb900000, 0x00000000cba00000|  0%| F|  |TAMS 0x00000000cb900000, 0x00000000cb900000| Untracked 
| 186|0x00000000cba00000, 0x00000000cba00000, 0x00000000cbb00000|  0%| F|  |TAMS 0x00000000cba00000, 0x00000000cba00000| Untracked 
| 187|0x00000000cbb00000, 0x00000000cbb00000, 0x00000000cbc00000|  0%| F|  |TAMS 0x00000000cbb00000, 0x00000000cbb00000| Untracked 
| 188|0x00000000cbc00000, 0x00000000cbc00000, 0x00000000cbd00000|  0%| F|  |TAMS 0x00000000cbc00000, 0x00000000cbc00000| Untracked 
| 189|0x00000000cbd00000, 0x00000000cbd00000, 0x00000000cbe00000|  0%| F|  |TAMS 0x00000000cbd00000, 0x00000000cbd00000| Untracked 
| 190|0x00000000cbe00000, 0x00000000cbe00000, 0x00000000cbf00000|  0%| F|  |TAMS 0x00000000cbe00000, 0x00000000cbe00000| Untracked 
| 191|0x00000000cbf00000, 0x00000000cbf00000, 0x00000000cc000000|  0%| F|  |TAMS 0x00000000cbf00000, 0x00000000cbf00000| Untracked 
| 192|0x00000000cc000000, 0x00000000cc000000, 0x00000000cc100000|  0%| F|  |TAMS 0x00000000cc000000, 0x00000000cc000000| Untracked 
| 193|0x00000000cc100000, 0x00000000cc100000, 0x00000000cc200000|  0%| F|  |TAMS 0x00000000cc100000, 0x00000000cc100000| Untracked 
| 194|0x00000000cc200000, 0x00000000cc200000, 0x00000000cc300000|  0%| F|  |TAMS 0x00000000cc200000, 0x00000000cc200000| Untracked 
| 195|0x00000000cc300000, 0x00000000cc300000, 0x00000000cc400000|  0%| F|  |TAMS 0x00000000cc300000, 0x00000000cc300000| Untracked 
| 196|0x00000000cc400000, 0x00000000cc400000, 0x00000000cc500000|  0%| F|  |TAMS 0x00000000cc400000, 0x00000000cc400000| Untracked 
| 197|0x00000000cc500000, 0x00000000cc500000, 0x00000000cc600000|  0%| F|  |TAMS 0x00000000cc500000, 0x00000000cc500000| Untracked 
| 198|0x00000000cc600000, 0x00000000cc600000, 0x00000000cc700000|  0%| F|  |TAMS 0x00000000cc600000, 0x00000000cc600000| Untracked 
| 199|0x00000000cc700000, 0x00000000cc700000, 0x00000000cc800000|  0%| F|  |TAMS 0x00000000cc700000, 0x00000000cc700000| Untracked 
| 200|0x00000000cc800000, 0x00000000cc800000, 0x00000000cc900000|  0%| F|  |TAMS 0x00000000cc800000, 0x00000000cc800000| Untracked 
| 201|0x00000000cc900000, 0x00000000cc900000, 0x00000000cca00000|  0%| F|  |TAMS 0x00000000cc900000, 0x00000000cc900000| Untracked 
| 202|0x00000000cca00000, 0x00000000cca00000, 0x00000000ccb00000|  0%| F|  |TAMS 0x00000000cca00000, 0x00000000cca00000| Untracked 
| 203|0x00000000ccb00000, 0x00000000ccb00000, 0x00000000ccc00000|  0%| F|  |TAMS 0x00000000ccb00000, 0x00000000ccb00000| Untracked 
| 204|0x00000000ccc00000, 0x00000000ccc00000, 0x00000000ccd00000|  0%| F|  |TAMS 0x00000000ccc00000, 0x00000000ccc00000| Untracked 
| 205|0x00000000ccd00000, 0x00000000ccd00000, 0x00000000cce00000|  0%| F|  |TAMS 0x00000000ccd00000, 0x00000000ccd00000| Untracked 
| 206|0x00000000cce00000, 0x00000000cce00000, 0x00000000ccf00000|  0%| F|  |TAMS 0x00000000cce00000, 0x00000000cce00000| Untracked 
| 207|0x00000000ccf00000, 0x00000000ccf00000, 0x00000000cd000000|  0%| F|  |TAMS 0x00000000ccf00000, 0x00000000ccf00000| Untracked 
| 208|0x00000000cd000000, 0x00000000cd000000, 0x00000000cd100000|  0%| F|  |TAMS 0x00000000cd000000, 0x00000000cd000000| Untracked 
| 209|0x00000000cd100000, 0x00000000cd100000, 0x00000000cd200000|  0%| F|  |TAMS 0x00000000cd100000, 0x00000000cd100000| Untracked 
| 210|0x00000000cd200000, 0x00000000cd200000, 0x00000000cd300000|  0%| F|  |TAMS 0x00000000cd200000, 0x00000000cd200000| Untracked 
| 211|0x00000000cd300000, 0x00000000cd300000, 0x00000000cd400000|  0%| F|  |TAMS 0x00000000cd300000, 0x00000000cd300000| Untracked 
| 212|0x00000000cd400000, 0x00000000cd400000, 0x00000000cd500000|  0%| F|  |TAMS 0x00000000cd400000, 0x00000000cd400000| Untracked 
| 213|0x00000000cd500000, 0x00000000cd500000, 0x00000000cd600000|  0%| F|  |TAMS 0x00000000cd500000, 0x00000000cd500000| Untracked 
| 214|0x00000000cd600000, 0x00000000cd600000, 0x00000000cd700000|  0%| F|  |TAMS 0x00000000cd600000, 0x00000000cd600000| Untracked 
| 215|0x00000000cd700000, 0x00000000cd700000, 0x00000000cd800000|  0%| F|  |TAMS 0x00000000cd700000, 0x00000000cd700000| Untracked 
| 216|0x00000000cd800000, 0x00000000cd800000, 0x00000000cd900000|  0%| F|  |TAMS 0x00000000cd800000, 0x00000000cd800000| Untracked 
| 217|0x00000000cd900000, 0x00000000cd900000, 0x00000000cda00000|  0%| F|  |TAMS 0x00000000cd900000, 0x00000000cd900000| Untracked 
| 218|0x00000000cda00000, 0x00000000cda00000, 0x00000000cdb00000|  0%| F|  |TAMS 0x00000000cda00000, 0x00000000cda00000| Untracked 
| 219|0x00000000cdb00000, 0x00000000cdb00000, 0x00000000cdc00000|  0%| F|  |TAMS 0x00000000cdb00000, 0x00000000cdb00000| Untracked 
| 220|0x00000000cdc00000, 0x00000000cdc00000, 0x00000000cdd00000|  0%| F|  |TAMS 0x00000000cdc00000, 0x00000000cdc00000| Untracked 
| 221|0x00000000cdd00000, 0x00000000cdd00000, 0x00000000cde00000|  0%| F|  |TAMS 0x00000000cdd00000, 0x00000000cdd00000| Untracked 
| 222|0x00000000cde00000, 0x00000000cde00000, 0x00000000cdf00000|  0%| F|  |TAMS 0x00000000cde00000, 0x00000000cde00000| Untracked 
| 223|0x00000000cdf00000, 0x00000000cdf00000, 0x00000000ce000000|  0%| F|  |TAMS 0x00000000cdf00000, 0x00000000cdf00000| Untracked 
| 224|0x00000000ce000000, 0x00000000ce000000, 0x00000000ce100000|  0%| F|  |TAMS 0x00000000ce000000, 0x00000000ce000000| Untracked 
| 225|0x00000000ce100000, 0x00000000ce100000, 0x00000000ce200000|  0%| F|  |TAMS 0x00000000ce100000, 0x00000000ce100000| Untracked 
| 226|0x00000000ce200000, 0x00000000ce200000, 0x00000000ce300000|  0%| F|  |TAMS 0x00000000ce200000, 0x00000000ce200000| Untracked 
| 227|0x00000000ce300000, 0x00000000ce300000, 0x00000000ce400000|  0%| F|  |TAMS 0x00000000ce300000, 0x00000000ce300000| Untracked 
| 228|0x00000000ce400000, 0x00000000ce400000, 0x00000000ce500000|  0%| F|  |TAMS 0x00000000ce400000, 0x00000000ce400000| Untracked 
| 229|0x00000000ce500000, 0x00000000ce500000, 0x00000000ce600000|  0%| F|  |TAMS 0x00000000ce500000, 0x00000000ce500000| Untracked 
| 230|0x00000000ce600000, 0x00000000ce600000, 0x00000000ce700000|  0%| F|  |TAMS 0x00000000ce600000, 0x00000000ce600000| Untracked 
| 231|0x00000000ce700000, 0x00000000ce700000, 0x00000000ce800000|  0%| F|  |TAMS 0x00000000ce700000, 0x00000000ce700000| Untracked 
| 232|0x00000000ce800000, 0x00000000ce800000, 0x00000000ce900000|  0%| F|  |TAMS 0x00000000ce800000, 0x00000000ce800000| Untracked 
| 233|0x00000000ce900000, 0x00000000ce900000, 0x00000000cea00000|  0%| F|  |TAMS 0x00000000ce900000, 0x00000000ce900000| Untracked 
| 234|0x00000000cea00000, 0x00000000cea00000, 0x00000000ceb00000|  0%| F|  |TAMS 0x00000000cea00000, 0x00000000cea00000| Untracked 
| 235|0x00000000ceb00000, 0x00000000ceb00000, 0x00000000cec00000|  0%| F|  |TAMS 0x00000000ceb00000, 0x00000000ceb00000| Untracked 
| 236|0x00000000cec00000, 0x00000000cec00000, 0x00000000ced00000|  0%| F|  |TAMS 0x00000000cec00000, 0x00000000cec00000| Untracked 
| 237|0x00000000ced00000, 0x00000000ced00000, 0x00000000cee00000|  0%| F|  |TAMS 0x00000000ced00000, 0x00000000ced00000| Untracked 
| 238|0x00000000cee00000, 0x00000000cee00000, 0x00000000cef00000|  0%| F|  |TAMS 0x00000000cee00000, 0x00000000cee00000| Untracked 
| 239|0x00000000cef00000, 0x00000000cef00000, 0x00000000cf000000|  0%| F|  |TAMS 0x00000000cef00000, 0x00000000cef00000| Untracked 
| 240|0x00000000cf000000, 0x00000000cf00f320, 0x00000000cf100000|  5%| E|  |TAMS 0x00000000cf000000, 0x00000000cf000000| Complete 
| 241|0x00000000cf100000, 0x00000000cf200000, 0x00000000cf200000|100%| E|CS|TAMS 0x00000000cf100000, 0x00000000cf100000| Complete 
| 242|0x00000000cf200000, 0x00000000cf300000, 0x00000000cf300000|100%| E|CS|TAMS 0x00000000cf200000, 0x00000000cf200000| Complete 
| 243|0x00000000cf300000, 0x00000000cf400000, 0x00000000cf400000|100%| E|CS|TAMS 0x00000000cf300000, 0x00000000cf300000| Complete 
| 244|0x00000000cf400000, 0x00000000cf500000, 0x00000000cf500000|100%| E|CS|TAMS 0x00000000cf400000, 0x00000000cf400000| Complete 
| 245|0x00000000cf500000, 0x00000000cf600000, 0x00000000cf600000|100%| E|CS|TAMS 0x00000000cf500000, 0x00000000cf500000| Complete 
| 246|0x00000000cf600000, 0x00000000cf700000, 0x00000000cf700000|100%| E|CS|TAMS 0x00000000cf600000, 0x00000000cf600000| Complete 
| 247|0x00000000cf700000, 0x00000000cf800000, 0x00000000cf800000|100%| E|CS|TAMS 0x00000000cf700000, 0x00000000cf700000| Complete 
| 248|0x00000000cf800000, 0x00000000cf900000, 0x00000000cf900000|100%| E|CS|TAMS 0x00000000cf800000, 0x00000000cf800000| Complete 
| 249|0x00000000cf900000, 0x00000000cfa00000, 0x00000000cfa00000|100%| E|CS|TAMS 0x00000000cf900000, 0x00000000cf900000| Complete 
| 250|0x00000000cfa00000, 0x00000000cfb00000, 0x00000000cfb00000|100%| E|CS|TAMS 0x00000000cfa00000, 0x00000000cfa00000| Complete 
| 251|0x00000000cfb00000, 0x00000000cfc00000, 0x00000000cfc00000|100%| E|CS|TAMS 0x00000000cfb00000, 0x00000000cfb00000| Complete 
| 252|0x00000000cfc00000, 0x00000000cfd00000, 0x00000000cfd00000|100%| E|CS|TAMS 0x00000000cfc00000, 0x00000000cfc00000| Complete 
| 253|0x00000000cfd00000, 0x00000000cfe00000, 0x00000000cfe00000|100%| E|CS|TAMS 0x00000000cfd00000, 0x00000000cfd00000| Complete 

Card table byte_map: [0x0000021f24ea0000,0x0000021f250a0000] _byte_map_base: 0x0000021f248a0000

Marking Bits (Prev, Next): (CMBitMap*) 0x0000021f0bddceb0, (CMBitMap*) 0x0000021f0bddce78
 Prev Bits: [0x0000021f262a0000, 0x0000021f272a0000)
 Next Bits: [0x0000021f252a0000, 0x0000021f262a0000)

Polling page: 0x0000021f0be80000

Metaspace:

Usage:
  Non-class:     82.11 MB capacity,    80.46 MB ( 98%) used,     1.41 MB (  2%) free+waste,   247.19 KB ( <1%) overhead. 
      Class:     12.59 MB capacity,    11.77 MB ( 93%) used,   724.23 KB (  6%) free+waste,   120.19 KB ( <1%) overhead. 
       Both:     94.71 MB capacity,    92.23 MB ( 97%) used,     2.12 MB (  2%) free+waste,   367.38 KB ( <1%) overhead. 

Virtual space:
  Non-class space:       84.00 MB reserved,      82.33 MB ( 98%) committed 
      Class space:        1.00 GB reserved,      12.62 MB (  1%) committed 
             Both:        1.08 GB reserved,      94.95 MB (  9%) committed 

Chunk freelists:
   Non-Class:  3.38 KB
       Class:  384 bytes
        Both:  3.75 KB

CodeHeap 'non-profiled nmethods': size=119168Kb used=6029Kb max_used=6029Kb free=113138Kb
 bounds [0x0000021f1c970000, 0x0000021f1cf60000, 0x0000021f23dd0000]
CodeHeap 'profiled nmethods': size=119168Kb used=22196Kb max_used=22196Kb free=96971Kb
 bounds [0x0000021f15510000, 0x0000021f16ac0000, 0x0000021f1c970000]
CodeHeap 'non-nmethods': size=7424Kb used=3426Kb max_used=4031Kb free=3997Kb
 bounds [0x0000021f14dd0000, 0x0000021f151d0000, 0x0000021f15510000]
 total_blobs=10778 nmethods=9875 adapters=812
 compilation: enabled
              stopped_count=0, restarted_count=0
 full_count=0

Compilation events (10 events):
Event: 135.842 Thread 0x0000021f2d71a000 9786       3       com.google.common.primitives.Longs::tryParse (7 bytes)
Event: 135.843 Thread 0x0000021f2d71a000 nmethod 9786 0x0000021f16a7b810 code [0x0000021f16a7b9a0, 0x0000021f16a7baa8]
Event: 135.844 Thread 0x0000021f2e960000 nmethod 9787 0x0000021f16a7bb90 code [0x0000021f16a7bfe0, 0x0000021f16a7e248]
Event: 135.845 Thread 0x0000021f2abb0000 9788       3       org.gradle.api.internal.artifacts.ivyservice.resolveengine.graph.builder.ResolveState$$Lambda$371/0x0000000100631c40::apply (24 bytes)
Event: 135.845 Thread 0x0000021f2d71a000 9795       3       org.gradle.internal.component.external.model.maven.MavenDependencyDescriptor::isTransitive (20 bytes)
Event: 135.845 Thread 0x0000021f2abb0000 nmethod 9788 0x0000021f16a7ee10 code [0x0000021f16a7efe0, 0x0000021f16a7f4d8]
Event: 135.845 Thread 0x0000021f2e960000 9792       3       org.gradle.api.internal.artifacts.ivyservice.resolveengine.graph.builder.NodeState::joinEdgeAndNodeExclusionsThenCacheResult (33 bytes)
Event: 135.845 Thread 0x0000021f2d71a000 nmethod 9795 0x0000021f16a7f690 code [0x0000021f16a7f840, 0x0000021f16a7fb78]
Event: 135.845 Thread 0x0000021f2d71a000 9793       3       org.gradle.api.internal.artifacts.ivyservice.resolveengine.excludes.ModuleExclusions::excludeAny (12 bytes)
Event: 136.850 Thread 0x0000021f2abb0000 9791       3       org.gradle.api.internal.artifacts.ivyservice.resolveengine.graph.builder.NodeState::sameIncomingEdgesAsPreviousPass (33 bytes)

GC Heap History (10 events):
Event: 12.102 GC heap before
{Heap before GC invocations=9 (full 0):
 garbage-first heap   total 260096K, used 99420K [0x00000000c0000000, 0x0000000100000000)
  region size 1024K, 42 young (43008K), 10 survivors (10240K)
 Metaspace       used 58392K, capacity 59960K, committed 59984K, reserved 1101824K
  class space    used 7386K, capacity 7923K, committed 7936K, reserved 1048576K
}
Event: 12.109 GC heap after
{Heap after GC invocations=10 (full 0):
 garbage-first heap   total 260096K, used 72967K [0x00000000c0000000, 0x0000000100000000)
  region size 1024K, 5 young (5120K), 5 survivors (5120K)
 Metaspace       used 58392K, capacity 59960K, committed 59984K, reserved 1101824K
  class space    used 7386K, capacity 7923K, committed 7936K, reserved 1048576K
}
Event: 13.978 GC heap before
{Heap before GC invocations=11 (full 0):
 garbage-first heap   total 260096K, used 165127K [0x00000000c0000000, 0x0000000100000000)
  region size 1024K, 94 young (96256K), 5 survivors (5120K)
 Metaspace       used 66664K, capacity 68428K, committed 68688K, reserved 1110016K
  class space    used 8626K, capacity 9195K, committed 9216K, reserved 1048576K
}
Event: 13.986 GC heap after
{Heap after GC invocations=12 (full 0):
 garbage-first heap   total 260096K, used 78302K [0x00000000c0000000, 0x0000000100000000)
  region size 1024K, 10 young (10240K), 10 survivors (10240K)
 Metaspace       used 66664K, capacity 68428K, committed 68688K, reserved 1110016K
  class space    used 8626K, capacity 9195K, committed 9216K, reserved 1048576K
}
Event: 15.414 GC heap before
{Heap before GC invocations=12 (full 0):
 garbage-first heap   total 260096K, used 185822K [0x00000000c0000000, 0x0000000100000000)
  region size 1024K, 104 young (106496K), 10 survivors (10240K)
 Metaspace       used 75038K, capacity 76949K, committed 77008K, reserved 1116160K
  class space    used 9692K, capacity 10346K, committed 10368K, reserved 1048576K
}
Event: 15.426 GC heap after
{Heap after GC invocations=13 (full 0):
 garbage-first heap   total 260096K, used 97898K [0x00000000c0000000, 0x0000000100000000)
  region size 1024K, 13 young (13312K), 13 survivors (13312K)
 Metaspace       used 75038K, capacity 76949K, committed 77008K, reserved 1116160K
  class space    used 9692K, capacity 10346K, committed 10368K, reserved 1048576K
}
Event: 16.684 GC heap before
{Heap before GC invocations=13 (full 0):
 garbage-first heap   total 260096K, used 186986K [0x00000000c0000000, 0x0000000100000000)
  region size 1024K, 100 young (102400K), 13 survivors (13312K)
 Metaspace       used 84891K, capacity 86951K, committed 86992K, reserved 1124352K
  class space    used 10894K, capacity 11611K, committed 11648K, reserved 1048576K
}
Event: 16.696 GC heap after
{Heap after GC invocations=14 (full 0):
 garbage-first heap   total 260096K, used 102218K [0x00000000c0000000, 0x0000000100000000)
  region size 1024K, 5 young (5120K), 5 survivors (5120K)
 Metaspace       used 84891K, capacity 86951K, committed 86992K, reserved 1124352K
  class space    used 10894K, capacity 11611K, committed 11648K, reserved 1048576K
}
Event: 133.511 GC heap before
{Heap before GC invocations=14 (full 0):
 garbage-first heap   total 260096K, used 191306K [0x00000000c0000000, 0x0000000100000000)
  region size 1024K, 93 young (95232K), 5 survivors (5120K)
 Metaspace       used 94149K, capacity 96689K, committed 96976K, reserved 1134592K
  class space    used 12030K, capacity 12877K, committed 12928K, reserved 1048576K
}
Event: 133.518 GC heap after
{Heap after GC invocations=15 (full 0):
 garbage-first heap   total 260096K, used 105611K [0x00000000c0000000, 0x0000000100000000)
  region size 1024K, 8 young (8192K), 8 survivors (8192K)
 Metaspace       used 94149K, capacity 96689K, committed 96976K, reserved 1134592K
  class space    used 12030K, capacity 12877K, committed 12928K, reserved 1048576K
}

Deoptimization events (10 events):
Event: 17.982 Thread 0x0000021f2d199800 Uncommon trap: reason=unstable_if action=reinterpret pc=0x0000021f1ce453e0 method=java.lang.reflect.AccessibleObject.verifyAccess(Ljava/lang/Class;Ljava/lang/Class;Ljava/lang/Class;I)Z @ 2 c2
Event: 18.031 Thread 0x0000021f2d199800 Uncommon trap: reason=unstable_if action=reinterpret pc=0x0000021f1ce925e0 method=java.io.WinNTFileSystem.prefixLength(Ljava/lang/String;)I @ 11 c2
Event: 18.034 Thread 0x0000021f2d199800 Uncommon trap: reason=unstable_if action=reinterpret pc=0x0000021f1cc3a3c4 method=java.io.WinNTFileSystem.prefixLength(Ljava/lang/String;)I @ 11 c2
Event: 18.124 Thread 0x0000021f2d199800 Uncommon trap: reason=unstable_if action=reinterpret pc=0x0000021f1ce40160 method=java.util.HashMap$HashIterator.<init>(Ljava/util/HashMap;)V @ 45 c2
Event: 18.156 Thread 0x0000021f2d199800 Uncommon trap: reason=unstable_if action=reinterpret pc=0x0000021f1cd676d0 method=java.util.HashMap$HashIterator.<init>(Ljava/util/HashMap;)V @ 45 c2
Event: 18.192 Thread 0x0000021f2c78c800 Uncommon trap: reason=unstable_if action=reinterpret pc=0x0000021f1cec5f90 method=org.gradle.internal.logging.slf4j.OutputEventListenerBackedLogger.isLevelAtMost(Lorg/gradle/api/logging/LogLevel;)Z @ 11 c2
Event: 18.342 Thread 0x0000021f2c513000 Uncommon trap: reason=unstable_if action=reinterpret pc=0x0000021f1ce0cc90 method=com.esotericsoftware.kryo.io.Input.require(I)I @ 180 c2
Event: 134.727 Thread 0x0000021f322cc000 Uncommon trap: reason=unstable_if action=reinterpret pc=0x0000021f1cf087a8 method=org.gradle.cache.internal.DefaultCrossBuildInMemoryCacheFactory$AbstractCrossBuildInMemoryCache.getIfPresentWithoutLock(Ljava/lang/Object;)Ljava/lang/Object; @ 24 c2
Event: 134.772 Thread 0x0000021f322ce000 Uncommon trap: reason=predicate action=maybe_recompile pc=0x0000021f1cf3419c method=java.util.ComparableTimSort.binarySort([Ljava/lang/Object;III)V @ 34 c2
Event: 134.779 Thread 0x0000021f322cc000 Uncommon trap: reason=unstable_if action=reinterpret pc=0x0000021f1c992a10 method=java.util.Properties$LineReader.readLine()I @ 249 c2

Classes redefined (0 events):
No events

Internal exceptions (10 events):
Event: 18.101 Thread 0x0000021f2d28e000 Exception <a 'java/lang/NoSuchMethodError'{0x00000000cb50d688}: static Lorg/gradle/internal/classloader/ClassLoaderSpec;.<clinit>()V> (0x00000000cb50d688) thrown at [./open/src/hotspot/share/prims/jni.cpp, line 1371]
Event: 18.102 Thread 0x0000021f2d28e000 Exception <a 'java/lang/NoSuchMethodError'{0x00000000cb51cad8}: static Lorg/gradle/internal/classloader/VisitableURLClassLoader$Spec;.<clinit>()V> (0x00000000cb51cad8) thrown at [./open/src/hotspot/share/prims/jni.cpp, line 1371]
Event: 18.104 Thread 0x0000021f2d28e000 Exception <a 'java/lang/NoSuchMethodError'{0x00000000cb523cd8}: static [Ljava/net/URL;.<clinit>()V> (0x00000000cb523cd8) thrown at [./open/src/hotspot/share/prims/jni.cpp, line 1371]
Event: 18.113 Thread 0x0000021f2d28e000 Exception <a 'java/lang/NoSuchMethodError'{0x00000000cb539cc0}: static Lorg/gradle/internal/classloader/FilteringClassLoader$Spec;.<clinit>()V> (0x00000000cb539cc0) thrown at [./open/src/hotspot/share/prims/jni.cpp, line 1371]
Event: 18.114 Thread 0x0000021f2d28e000 Exception <a 'java/lang/NoSuchMethodError'{0x00000000cb546ff0}: static Lorg/gradle/internal/classloader/CachingClassLoader$Spec;.<clinit>()V> (0x00000000cb546ff0) thrown at [./open/src/hotspot/share/prims/jni.cpp, line 1371]
Event: 18.132 Thread 0x0000021f2d199800 Exception <a 'java/lang/NoSuchMethodError'{0x00000000cb5adb08}: java.lang.invoke.Invokers$Holder.linkToTargetMethod(Ljava/lang/Object;Ljava/lang/Object;IILjava/lang/Object;Ljava/lang/Object;)Ljava/lang/Object;> (0x00000000cb5adb08) thrown at [./open/src/h
Event: 134.715 Thread 0x0000021f322cd000 Exception <a 'java/lang/NoSuchMethodError'{0x00000000cfd6a9e0}: static Lorg/gradle/tooling/internal/provider/BuildModelAction;.<clinit>()V> (0x00000000cfd6a9e0) thrown at [./open/src/hotspot/share/prims/jni.cpp, line 1371]
Event: 134.771 Thread 0x0000021f322ce000 Exception <a 'java/lang/NoSuchMethodError'{0x00000000cfc452c8}: static Lorg/gradle/internal/build/event/types/DefaultOperationStartedProgressEvent;.<clinit>()V> (0x00000000cfc452c8) thrown at [./open/src/hotspot/share/prims/jni.cpp, line 1371]
Event: 134.773 Thread 0x0000021f322ce000 Exception <a 'java/lang/NoSuchMethodError'{0x00000000cfc556d8}: static Lorg/gradle/internal/build/event/types/DefaultProjectConfigurationDescriptor;.<clinit>()V> (0x00000000cfc556d8) thrown at [./open/src/hotspot/share/prims/jni.cpp, line 1371]
Event: 134.774 Thread 0x0000021f322ce000 Exception <a 'java/lang/NoSuchMethodError'{0x00000000cfc57578}: static Lorg/gradle/internal/build/event/types/DefaultOperationDescriptor;.<clinit>()V> (0x00000000cfc57578) thrown at [./open/src/hotspot/share/prims/jni.cpp, line 1371]

Events (10 events):
Event: 134.779 Executing VM operation: RevokeBias done
Event: 134.779 Thread 0x0000021f322cc000 Uncommon trap: trap_request=0xffffff4d fr.pc=0x0000021f1c992a10 relative=0x00000000000004d0
Event: 134.779 Thread 0x0000021f322cc000 DEOPT PACKING pc=0x0000021f1c992a10 sp=0x000000cc4e4facd0
Event: 134.779 Thread 0x0000021f322cc000 DEOPT UNPACKING pc=0x0000021f14df65af sp=0x000000cc4e4fac78 mode 2
Event: 134.781 Thread 0x0000021f2d71b000 Thread added: 0x0000021f2d71b000
Event: 134.785 Thread 0x0000021f322d2000 Thread added: 0x0000021f322d2000
Event: 134.800 Executing VM operation: RevokeBias
Event: 134.800 Executing VM operation: RevokeBias done
Event: 134.802 Thread 0x0000021f2d71a000 Thread added: 0x0000021f2d71a000
Event: 135.829 Thread 0x0000021f2e960000 Thread added: 0x0000021f2e960000


Dynamic libraries:
0x00007ff792790000 - 0x00007ff7927a0000 	C:\Program Files\Java\jdk-11\bin\java.exe
0x00007ffe87440000 - 0x00007ffe876a8000 	C:\WINDOWS\SYSTEM32\ntdll.dll
0x00007ffe85b30000 - 0x00007ffe85bf9000 	C:\WINDOWS\System32\KERNEL32.DLL
0x00007ffe84990000 - 0x00007ffe84d88000 	C:\WINDOWS\System32\KERNELBASE.dll
0x00007ffe84590000 - 0x00007ffe846db000 	C:\WINDOWS\System32\ucrtbase.dll
0x00007ffe7c910000 - 0x00007ffe7c929000 	C:\Program Files\Java\jdk-11\bin\jli.dll
0x00007ffe86ff0000 - 0x00007ffe870a4000 	C:\WINDOWS\System32\ADVAPI32.dll
0x00007ffe60ed0000 - 0x00007ffe60eeb000 	C:\Program Files\Java\jdk-11\bin\VCRUNTIME140.dll
0x00007ffe86350000 - 0x00007ffe863f9000 	C:\WINDOWS\System32\msvcrt.dll
0x00007ffe86710000 - 0x00007ffe867b6000 	C:\WINDOWS\System32\sechost.dll
0x00007ffe86590000 - 0x00007ffe866a8000 	C:\WINDOWS\System32\RPCRT4.dll
0x00007ffe87130000 - 0x00007ffe872f7000 	C:\WINDOWS\System32\USER32.dll
0x00007ffe84d90000 - 0x00007ffe84db7000 	C:\WINDOWS\System32\win32u.dll
0x00007ffe868c0000 - 0x00007ffe868eb000 	C:\WINDOWS\System32\GDI32.dll
0x00007ffe84860000 - 0x00007ffe8498c000 	C:\WINDOWS\System32\gdi32full.dll
0x00007ffe84fc0000 - 0x00007ffe85063000 	C:\WINDOWS\System32\msvcp_win.dll
0x00007ffe6f720000 - 0x00007ffe6f9b4000 	C:\WINDOWS\WinSxS\amd64_microsoft.windows.common-controls_6595b64144ccf1df_6.0.26100.7019_none_3e06ffa0e335b8a8\COMCTL32.dll
0x00007ffe71fb0000 - 0x00007ffe71fbb000 	C:\WINDOWS\SYSTEM32\VERSION.dll
0x00007ffe85380000 - 0x00007ffe853b1000 	C:\WINDOWS\System32\IMM32.DLL
0x00007ffe7c900000 - 0x00007ffe7c90c000 	C:\Program Files\Java\jdk-11\bin\vcruntime140_1.dll
0x00007ffe546c0000 - 0x00007ffe5474e000 	C:\Program Files\Java\jdk-11\bin\msvcp140.dll
0x00007ffdb4400000 - 0x00007ffdb4f5e000 	C:\Program Files\Java\jdk-11\bin\server\jvm.dll
0x00007ffe85b20000 - 0x00007ffe85b28000 	C:\WINDOWS\System32\PSAPI.DLL
0x00007ffe5b080000 - 0x00007ffe5b08a000 	C:\WINDOWS\SYSTEM32\WSOCK32.dll
0x00007ffe86400000 - 0x00007ffe86474000 	C:\WINDOWS\System32\WS2_32.dll
0x00007ffe7ad00000 - 0x00007ffe7ad35000 	C:\WINDOWS\SYSTEM32\WINMM.dll
0x00007ffe83320000 - 0x00007ffe8333b000 	C:\WINDOWS\SYSTEM32\kernel.appcore.dll
0x00007ffe71610000 - 0x00007ffe71620000 	C:\Program Files\Java\jdk-11\bin\verify.dll
0x00007ffe7d480000 - 0x00007ffe7d6c2000 	C:\WINDOWS\SYSTEM32\DBGHELP.DLL
0x00007ffe868f0000 - 0x00007ffe86c7b000 	C:\WINDOWS\System32\combase.dll
0x00007ffe86480000 - 0x00007ffe86557000 	C:\WINDOWS\System32\OLEAUT32.dll
0x00007ffe6f6d0000 - 0x00007ffe6f70c000 	C:\WINDOWS\SYSTEM32\dbgcore.DLL
0x00007ffe84dc0000 - 0x00007ffe84e65000 	C:\WINDOWS\System32\bcryptPrimitives.dll
0x00007ffe60ea0000 - 0x00007ffe60ec8000 	C:\Program Files\Java\jdk-11\bin\java.dll
0x00007ffe6d310000 - 0x00007ffe6d31a000 	C:\Program Files\Java\jdk-11\bin\jimage.dll
0x00007ffe60c50000 - 0x00007ffe60c67000 	C:\Program Files\Java\jdk-11\bin\zip.dll
0x00007ffe853c0000 - 0x00007ffe85b0f000 	C:\WINDOWS\System32\SHELL32.dll
0x00007ffe85070000 - 0x00007ffe851db000 	C:\WINDOWS\System32\wintypes.dll
0x00007ffe82190000 - 0x00007ffe829ed000 	C:\WINDOWS\SYSTEM32\windows.storage.dll
0x00007ffe86ef0000 - 0x00007ffe86fe2000 	C:\WINDOWS\System32\SHCORE.dll
0x00007ffe870c0000 - 0x00007ffe87127000 	C:\WINDOWS\System32\shlwapi.dll
0x00007ffe844b0000 - 0x00007ffe844d9000 	C:\WINDOWS\SYSTEM32\profapi.dll
0x00007ffe5f020000 - 0x00007ffe5f039000 	C:\Program Files\Java\jdk-11\bin\net.dll
0x00007ffe7d110000 - 0x00007ffe7d238000 	C:\WINDOWS\SYSTEM32\WINHTTP.dll
0x00007ffe838c0000 - 0x00007ffe8392b000 	C:\WINDOWS\system32\mswsock.dll
0x00007ffe5a3f0000 - 0x00007ffe5a402000 	C:\Program Files\Java\jdk-11\bin\nio.dll
0x00007ffe53f30000 - 0x00007ffe53f57000 	C:\Users\Admin\.gradle\native\fdc75f09e3144964f2cf3f50f0aa648679c211496f362492102eb8c894070792\windows-amd64\native-platform.dll
0x00007ffdf2e30000 - 0x00007ffdf2fc6000 	C:\Users\Admin\.gradle\native\12488b8bf47d2d4c9fbf2f6322a914ad602e24e48041cd04a747c6da556b65c4\windows-amd64\native-platform-file-events.dll
0x00007ffe60f50000 - 0x00007ffe60f59000 	C:\Program Files\Java\jdk-11\bin\management.dll
0x00007ffe60c20000 - 0x00007ffe60c2b000 	C:\Program Files\Java\jdk-11\bin\management_ext.dll
0x00007ffe83b80000 - 0x00007ffe83b9b000 	C:\WINDOWS\SYSTEM32\CRYPTSP.dll
0x00007ffe83280000 - 0x00007ffe832ba000 	C:\WINDOWS\system32\rsaenh.dll
0x00007ffe83970000 - 0x00007ffe8399b000 	C:\WINDOWS\SYSTEM32\USERENV.dll
0x00007ffe84480000 - 0x00007ffe844aa000 	C:\WINDOWS\SYSTEM32\bcrypt.dll
0x00007ffe83ba0000 - 0x00007ffe83bac000 	C:\WINDOWS\SYSTEM32\CRYPTBASE.dll
0x00007ffe82d00000 - 0x00007ffe82d34000 	C:\WINDOWS\SYSTEM32\IPHLPAPI.DLL
0x00007ffe870b0000 - 0x00007ffe870ba000 	C:\WINDOWS\System32\NSI.dll
0x00007ffe7d450000 - 0x00007ffe7d46e000 	C:\WINDOWS\SYSTEM32\dhcpcsvc6.DLL
0x00007ffe7d420000 - 0x00007ffe7d443000 	C:\WINDOWS\SYSTEM32\dhcpcsvc.DLL
0x00007ffe82df0000 - 0x00007ffe82f1c000 	C:\WINDOWS\SYSTEM32\DNSAPI.dll
0x00007ffe817c0000 - 0x00007ffe817cf000 	C:\WINDOWS\SYSTEM32\WINNSI.DLL

dbghelp: loaded successfully - version: 4.0.5 - missing functions: none
symbol engine: initialized successfully - sym options: 0x614 - pdb path: .;C:\Program Files\Java\jdk-11\bin;C:\WINDOWS\SYSTEM32;C:\WINDOWS\WinSxS\amd64_microsoft.windows.common-controls_6595b64144ccf1df_6.0.26100.7019_none_3e06ffa0e335b8a8;C:\Program Files\Java\jdk-11\bin\server;C:\Users\Admin\.gradle\native\fdc75f09e3144964f2cf3f50f0aa648679c211496f362492102eb8c894070792\windows-amd64;C:\Users\Admin\.gradle\native\12488b8bf47d2d4c9fbf2f6322a914ad602e24e48041cd04a747c6da556b65c4\windows-amd64

VM Arguments:
jvm_args: -XX:MaxPermSize=512m -XX:+HeapDumpOnOutOfMemoryError --add-opens=java.base/java.util=ALL-UNNAMED --add-opens=java.base/java.lang=ALL-UNNAMED --add-opens=java.base/java.lang.invoke=ALL-UNNAMED --add-opens=java.prefs/java.util.prefs=ALL-UNNAMED -Xmx1024m -Dfile.encoding=UTF-8 -Duser.country=CN -Duser.language=zh -Duser.variant 
java_command: org.gradle.launcher.daemon.bootstrap.GradleDaemon 6.8.3
java_class_path (initial): C:\Users\Admin\.gradle\wrapper\dists\gradle-6.8.3-bin\7ykxq50lst7lb7wx1nijpicxn\gradle-6.8.3\lib\gradle-launcher-6.8.3.jar
Launcher Type: SUN_STANDARD

[Global flags]
     intx CICompilerCount                          = 12                                        {product} {ergonomic}
     uint ConcGCThreads                            = 3                                         {product} {ergonomic}
     uint G1ConcRefinementThreads                  = 13                                        {product} {ergonomic}
   size_t G1HeapRegionSize                         = 1048576                                   {product} {ergonomic}
    uintx GCDrainStackTargetSize                   = 64                                        {product} {ergonomic}
     bool HeapDumpOnOutOfMemoryError               = true                                   {manageable} {command line}
   size_t InitialHeapSize                          = 266338304                                 {product} {ergonomic}
   size_t MarkStackSize                            = 4194304                                   {product} {ergonomic}
   size_t MaxHeapSize                              = 1073741824                                {product} {command line}
   size_t MaxNewSize                               = 643825664                                 {product} {ergonomic}
   size_t MinHeapDeltaBytes                        = 1048576                                   {product} {ergonomic}
    uintx NonNMethodCodeHeapSize                   = 7594288                                {pd product} {ergonomic}
    uintx NonProfiledCodeHeapSize                  = 122031976                              {pd product} {ergonomic}
    uintx ProfiledCodeHeapSize                     = 122031976                              {pd product} {ergonomic}
    uintx ReservedCodeCacheSize                    = 251658240                              {pd product} {ergonomic}
     bool SegmentedCodeCache                       = true                                      {product} {ergonomic}
     bool UseCompressedClassPointers               = true                                 {lp64_product} {ergonomic}
     bool UseCompressedOops                        = true                                 {lp64_product} {ergonomic}
     bool UseG1GC                                  = true                                      {product} {ergonomic}
     bool UseLargePagesIndividualAllocation        = false                                  {pd product} {ergonomic}

Logging:
Log output configuration:
 #0: stdout all=warning uptime,level,tags
 #1: stderr all=off uptime,level,tags

Environment Variables:
JAVA_HOME=C:\Program Files\Java\jdk-17
PATH=C:\Program Files\Common Files\Oracle\Java\javapath;C:\WINDOWS\system32;C:\WINDOWS;C:\WINDOWS\System32\Wbem;C:\WINDOWS\System32\WindowsPowerShell\v1.0\;C:\WINDOWS\System32\OpenSSH\;D:\svn\bin;D:\Java8\jdk1.8.0_431\bin;C:\Users\Admin\AppData\Local\Android\Sdk\platform-tools;D:\Git\cmd;D:\android\cmake-3.22.1-windows-x86_64\bin;D:\android\ninja;C:\Program Files\dotnet\;C:\Program Files\nodejs\;D:\tizen_sdk\tools;C:\Users\Admin\.tizen-extension-platform\server\sdktools\dotnet;C:\Program Files\Common Files\Oracle\Java\javapath;C:\WINDOWS\system32;C:\WINDOWS;C:\WINDOWS\System32\Wbem;C:\WINDOWS\System32\WindowsPowerShell\v1.0\;C:\WINDOWS\System32\OpenSSH\;D:\svn\bin;D:\Java8\jdk1.8.0_431\bin;C:\Users\Admin\AppData\Local\Android\Sdk\platform-tools;D:\Git\cmd;D:\android\cmake-3.22.1-windows-x86_64\bin;D:\android\ninja;C:\Program Files\dotnet\;C:\Program Files\nodejs\;D:\tizen_sdk\tools;c:\Users\Admin\AppData\Local\Programs\Trae CN\bin;E:\tizen\tools\ide\bin;d:\tizen_sdk\tools\ide\bin;C:\tizen-studio\tools\ide\bin;C:\Users\Admin\AppData\Local\Microsoft\WindowsApps;E:\DevEco Studio\bin;C:\Users\Admin\AppData\Local\Programs\Microsoft VS Code\bin;C:\Users\Admin\.dotnet\tools;C:\Users\Admin\AppData\Roaming\npm;C:\Users\Admin\.tizen-extension-platform\server\sdktools\data\tools;C:\Users\Admin\.tizen-extension-platform\server\sdktools\data;C:\Users\Admin\.tizen-extension-platform\server\sdktools\data\tools\ide\bin
USERNAME=Admin
OS=Windows_NT
PROCESSOR_IDENTIFIER=Intel64 Family 6 Model 154 Stepping 3, GenuineIntel



---------------  S Y S T E M  ---------------

OS: Windows 11 , 64 bit Build 26100 (10.0.26100.7019)
Hyper-V role detected

CPU:total 16 (initial active 16) (8 cores per cpu, 2 threads per core) family 6 model 154 stepping 3 microcode 0x41d, cmov, cx8, fxsr, mmx, sse, sse2, sse3, ssse3, sse4.1, sse4.2, popcnt, avx, avx2, aes, clmul, erms, 3dnowpref, lzcnt, ht, tsc, tscinvbit, bmi1, bmi2, adx, sha, fma

Memory: 4k page, system-wide physical 16150M (1838M free)
TotalPageFile size 24342M (AvailPageFile size 10M)
current process WorkingSet (physical memory assigned to process): 461M, peak: 497M
current process commit charge ("private bytes"): 544M, peak: 583M

vm_info: Java HotSpot(TM) 64-Bit Server VM (11.0.23+7-LTS-222) for windows-amd64 JRE (11.0.23+7-LTS-222), built on Mar 11 2024 22:13:52 by "mach5one" with MS VC++ 17.6 (VS2022)

END.
